{"/Users/menachi/Documents/web_class/sce_2024/sce_backend/App.js": {"path":"/Users/menachi/Documents/web_class/sce_2024/sce_backend/App.js","statementMap":{"0":{"start":{"line":1,"column":16},"end":{"line":1,"column":34}},"1":{"start":{"line":2,"column":12},"end":{"line":2,"column":21}},"2":{"start":{"line":3,"column":15},"end":{"line":3,"column":41}},"3":{"start":{"line":4,"column":17},"end":{"line":4,"column":36}},"4":{"start":{"line":5,"column":21},"end":{"line":5,"column":54}},"5":{"start":{"line":6,"column":18},"end":{"line":6,"column":48}},"6":{"start":{"line":7,"column":19},"end":{"line":7,"column":41}},"7":{"start":{"line":9,"column":16},"end":{"line":22,"column":1}},"8":{"start":{"line":10,"column":18},"end":{"line":20,"column":4}},"9":{"start":{"line":11,"column":15},"end":{"line":11,"column":34}},"10":{"start":{"line":12,"column":4},"end":{"line":12,"column":46}},"11":{"start":{"line":12,"column":28},"end":{"line":12,"column":44}},"12":{"start":{"line":13,"column":4},"end":{"line":13,"column":61}},"13":{"start":{"line":13,"column":26},"end":{"line":13,"column":59}},"14":{"start":{"line":14,"column":4},"end":{"line":14,"column":53}},"15":{"start":{"line":15,"column":4},"end":{"line":15,"column":31}},"16":{"start":{"line":16,"column":4},"end":{"line":16,"column":55}},"17":{"start":{"line":17,"column":4},"end":{"line":17,"column":38}},"18":{"start":{"line":18,"column":4},"end":{"line":18,"column":32}},"19":{"start":{"line":19,"column":4},"end":{"line":19,"column":17}},"20":{"start":{"line":21,"column":2},"end":{"line":21,"column":17}},"21":{"start":{"line":24,"column":0},"end":{"line":24,"column":25}}},"fnMap":{"0":{"name":"(anonymous_0)","decl":{"start":{"line":9,"column":16},"end":{"line":9,"column":17}},"loc":{"start":{"line":9,"column":22},"end":{"line":22,"column":1}},"line":9},"1":{"name":"(anonymous_1)","decl":{"start":{"line":10,"column":30},"end":{"line":10,"column":31}},"loc":{"start":{"line":10,"column":49},"end":{"line":20,"column":3}},"line":10},"2":{"name":"(anonymous_2)","decl":{"start":{"line":12,"column":19},"end":{"line":12,"column":20}},"loc":{"start":{"line":12,"column":28},"end":{"line":12,"column":44}},"line":12},"3":{"name":"(anonymous_3)","decl":{"start":{"line":13,"column":20},"end":{"line":13,"column":21}},"loc":{"start":{"line":13,"column":26},"end":{"line":13,"column":59}},"line":13}},"branchMap":{},"s":{"0":1,"1":1,"2":1,"3":1,"4":1,"5":1,"6":1,"7":1,"8":1,"9":1,"10":1,"11":0,"12":1,"13":1,"14":1,"15":1,"16":1,"17":1,"18":1,"19":1,"20":1,"21":1},"f":{"0":1,"1":1,"2":0,"3":1},"b":{},"_coverageSchema":"1a1c01bbd47fc00a2c39e90264f33305004495a9","hash":"cbcd3da0892de3d889fb053a3950da545e571887"}
,"/Users/menachi/Documents/web_class/sce_2024/sce_backend/controllers/student_controller.js": {"path":"/Users/menachi/Documents/web_class/sce_2024/sce_backend/controllers/student_controller.js","statementMap":{"0":{"start":{"line":1,"column":16},"end":{"line":1,"column":50}},"1":{"start":{"line":3,"column":20},"end":{"line":17,"column":1}},"2":{"start":{"line":4,"column":2},"end":{"line":4,"column":29}},"3":{"start":{"line":5,"column":2},"end":{"line":16,"column":3}},"4":{"start":{"line":7,"column":4},"end":{"line":11,"column":5}},"5":{"start":{"line":8,"column":6},"end":{"line":8,"column":61}},"6":{"start":{"line":10,"column":6},"end":{"line":10,"column":37}},"7":{"start":{"line":12,"column":4},"end":{"line":12,"column":34}},"8":{"start":{"line":14,"column":4},"end":{"line":14,"column":23}},"9":{"start":{"line":15,"column":4},"end":{"line":15,"column":40}},"10":{"start":{"line":19,"column":23},"end":{"line":32,"column":1}},"11":{"start":{"line":20,"column":2},"end":{"line":20,"column":26}},"12":{"start":{"line":21,"column":2},"end":{"line":31,"column":3}},"13":{"start":{"line":22,"column":20},"end":{"line":22,"column":57}},"14":{"start":{"line":23,"column":4},"end":{"line":27,"column":5}},"15":{"start":{"line":24,"column":6},"end":{"line":24,"column":55}},"16":{"start":{"line":26,"column":6},"end":{"line":26,"column":43}},"17":{"start":{"line":29,"column":4},"end":{"line":29,"column":23}},"18":{"start":{"line":30,"column":4},"end":{"line":30,"column":40}},"19":{"start":{"line":34,"column":21},"end":{"line":43,"column":1}},"20":{"start":{"line":35,"column":2},"end":{"line":35,"column":31}},"21":{"start":{"line":36,"column":2},"end":{"line":42,"column":3}},"22":{"start":{"line":37,"column":20},"end":{"line":37,"column":50}},"23":{"start":{"line":38,"column":4},"end":{"line":38,"column":34}},"24":{"start":{"line":40,"column":4},"end":{"line":40,"column":23}},"25":{"start":{"line":41,"column":4},"end":{"line":41,"column":40}},"26":{"start":{"line":46,"column":20},"end":{"line":46,"column":36}},"27":{"start":{"line":48,"column":23},"end":{"line":50,"column":1}},"28":{"start":{"line":49,"column":2},"end":{"line":49,"column":29}},"29":{"start":{"line":52,"column":0},"end":{"line":58,"column":2}}},"fnMap":{"0":{"name":"(anonymous_0)","decl":{"start":{"line":3,"column":20},"end":{"line":3,"column":21}},"loc":{"start":{"line":3,"column":40},"end":{"line":17,"column":1}},"line":3},"1":{"name":"(anonymous_1)","decl":{"start":{"line":19,"column":23},"end":{"line":19,"column":24}},"loc":{"start":{"line":19,"column":43},"end":{"line":32,"column":1}},"line":19},"2":{"name":"(anonymous_2)","decl":{"start":{"line":34,"column":21},"end":{"line":34,"column":22}},"loc":{"start":{"line":34,"column":41},"end":{"line":43,"column":1}},"line":34},"3":{"name":"(anonymous_3)","decl":{"start":{"line":46,"column":20},"end":{"line":46,"column":21}},"loc":{"start":{"line":46,"column":34},"end":{"line":46,"column":36}},"line":46},"4":{"name":"(anonymous_4)","decl":{"start":{"line":48,"column":23},"end":{"line":48,"column":24}},"loc":{"start":{"line":48,"column":37},"end":{"line":50,"column":1}},"line":48}},"branchMap":{"0":{"loc":{"start":{"line":7,"column":4},"end":{"line":11,"column":5}},"type":"if","locations":[{"start":{"line":7,"column":4},"end":{"line":11,"column":5}},{"start":{"line":9,"column":11},"end":{"line":11,"column":5}}],"line":7},"1":{"loc":{"start":{"line":23,"column":4},"end":{"line":27,"column":5}},"type":"if","locations":[{"start":{"line":23,"column":4},"end":{"line":27,"column":5}},{"start":{"line":25,"column":11},"end":{"line":27,"column":5}}],"line":23}},"s":{"0":1,"1":1,"2":2,"3":2,"4":2,"5":0,"6":2,"7":2,"8":0,"9":0,"10":1,"11":2,"12":2,"13":2,"14":2,"15":1,"16":1,"17":0,"18":0,"19":1,"20":1,"21":1,"22":1,"23":1,"24":0,"25":0,"26":1,"27":1,"28":0,"29":1},"f":{"0":2,"1":2,"2":1,"3":0,"4":0},"b":{"0":[0,2],"1":[1,1]},"_coverageSchema":"1a1c01bbd47fc00a2c39e90264f33305004495a9","hash":"4b633659bb75f5b46fd3b4eb31d0c862ae07db7e"}
,"/Users/menachi/Documents/web_class/sce_2024/sce_backend/models/student_model.js": {"path":"/Users/menachi/Documents/web_class/sce_2024/sce_backend/models/student_model.js","statementMap":{"0":{"start":{"line":1,"column":17},"end":{"line":1,"column":36}},"1":{"start":{"line":3,"column":22},"end":{"line":16,"column":2}},"2":{"start":{"line":18,"column":0},"end":{"line":18,"column":58}}},"fnMap":{},"branchMap":{},"s":{"0":1,"1":1,"2":1},"f":{},"b":{},"_coverageSchema":"1a1c01bbd47fc00a2c39e90264f33305004495a9","hash":"2e1415ec3b2f2749df0144079649731a22c027be"}
,"/Users/menachi/Documents/web_class/sce_2024/sce_backend/routes/post_route.js": {"path":"/Users/menachi/Documents/web_class/sce_2024/sce_backend/routes/post_route.js","statementMap":{"0":{"start":{"line":1,"column":16},"end":{"line":1,"column":34}},"1":{"start":{"line":2,"column":15},"end":{"line":2,"column":31}},"2":{"start":{"line":4,"column":0},"end":{"line":6,"column":3}},"3":{"start":{"line":5,"column":2},"end":{"line":5,"column":23}},"4":{"start":{"line":8,"column":0},"end":{"line":10,"column":3}},"5":{"start":{"line":9,"column":2},"end":{"line":9,"column":29}},"6":{"start":{"line":12,"column":0},"end":{"line":14,"column":3}},"7":{"start":{"line":13,"column":2},"end":{"line":13,"column":35}},"8":{"start":{"line":16,"column":0},"end":{"line":18,"column":3}},"9":{"start":{"line":17,"column":2},"end":{"line":17,"column":23}},"10":{"start":{"line":20,"column":0},"end":{"line":22,"column":3}},"11":{"start":{"line":21,"column":2},"end":{"line":21,"column":26}},"12":{"start":{"line":24,"column":0},"end":{"line":24,"column":24}}},"fnMap":{"0":{"name":"(anonymous_0)","decl":{"start":{"line":4,"column":16},"end":{"line":4,"column":17}},"loc":{"start":{"line":4,"column":30},"end":{"line":6,"column":1}},"line":4},"1":{"name":"(anonymous_1)","decl":{"start":{"line":8,"column":19},"end":{"line":8,"column":20}},"loc":{"start":{"line":8,"column":33},"end":{"line":10,"column":1}},"line":8},"2":{"name":"(anonymous_2)","decl":{"start":{"line":12,"column":17},"end":{"line":12,"column":18}},"loc":{"start":{"line":12,"column":31},"end":{"line":14,"column":1}},"line":12},"3":{"name":"(anonymous_3)","decl":{"start":{"line":16,"column":19},"end":{"line":16,"column":20}},"loc":{"start":{"line":16,"column":33},"end":{"line":18,"column":1}},"line":16},"4":{"name":"(anonymous_4)","decl":{"start":{"line":20,"column":22},"end":{"line":20,"column":23}},"loc":{"start":{"line":20,"column":36},"end":{"line":22,"column":1}},"line":20}},"branchMap":{},"s":{"0":1,"1":1,"2":1,"3":0,"4":1,"5":0,"6":1,"7":0,"8":1,"9":0,"10":1,"11":0,"12":1},"f":{"0":0,"1":0,"2":0,"3":0,"4":0},"b":{},"_coverageSchema":"1a1c01bbd47fc00a2c39e90264f33305004495a9","hash":"100f13cb2815aed56ae6dd5fc0e0490e45fe4f5b"}
,"/Users/menachi/Documents/web_class/sce_2024/sce_backend/routes/student_route.js": {"path":"/Users/menachi/Documents/web_class/sce_2024/sce_backend/routes/student_route.js","statementMap":{"0":{"start":{"line":1,"column":16},"end":{"line":1,"column":34}},"1":{"start":{"line":2,"column":15},"end":{"line":2,"column":31}},"2":{"start":{"line":3,"column":26},"end":{"line":3,"column":70}},"3":{"start":{"line":5,"column":0},"end":{"line":5,"column":47}},"4":{"start":{"line":6,"column":0},"end":{"line":6,"column":53}},"5":{"start":{"line":8,"column":0},"end":{"line":8,"column":49}},"6":{"start":{"line":10,"column":0},"end":{"line":10,"column":50}},"7":{"start":{"line":12,"column":0},"end":{"line":12,"column":56}},"8":{"start":{"line":14,"column":0},"end":{"line":14,"column":24}}},"fnMap":{},"branchMap":{},"s":{"0":1,"1":1,"2":1,"3":1,"4":1,"5":1,"6":1,"7":1,"8":1},"f":{},"b":{},"_coverageSchema":"1a1c01bbd47fc00a2c39e90264f33305004495a9","hash":"39d78570e08cb53579f695c0f7592cbc86733881"}
}
